0 info it worked if it ends with ok
1 verbose cli [ 'C:\\Users\\Corey\\.nvmw\\v0.10.26\\\\node.exe',
1 verbose cli   'C:\\Users\\Corey\\.nvmw\\v0.10.26\\node_modules\\npm\\bin\\npm-cli.js',
1 verbose cli   'start' ]
2 info using npm@1.4.3
3 info using node@v0.10.26
4 verbose node symlink C:\Users\Corey\.nvmw\v0.10.26\\node.exe
5 verbose run-script [ 'prestart', 'start', 'poststart' ]
6 info prestart express@0.0.1
7 info start express@0.0.1
8 verbose unsafe-perm in lifecycle true
9 info express@0.0.1 Failed to exec start script
10 error express@0.0.1 start: `node index.js`
10 error Exit status 8
11 error Failed at the express@0.0.1 start script.
11 error This is most likely a problem with the express package,
11 error not with npm itself.
11 error Tell the author that this fails on your system:
11 error     node index.js
11 error You can get their info via:
11 error     npm owner ls express
11 error There is likely additional logging output above.
12 error System Windows_NT 6.2.9200
13 error command "C:\\Users\\Corey\\.nvmw\\v0.10.26\\\\node.exe" "C:\\Users\\Corey\\.nvmw\\v0.10.26\\node_modules\\npm\\bin\\npm-cli.js" "start"
14 error cwd C:\Users\Corey\Documents\workspace\Groopy\backend\node-express
15 error node -v v0.10.26
16 error npm -v 1.4.3
17 error code ELIFECYCLE
18 verbose exit [ 1, true ]
